#
# There is insufficient memory for the Java Runtime Environment to continue.
# Native memory allocation (malloc) failed to allocate 184549376 bytes for committing reserved memory.
# Possible reasons:
#   The system is out of physical RAM or swap space
#   In 32 bit mode, the process size limit was hit
# Possible solutions:
#   Reduce memory load on the system
#   Increase physical memory or swap space
#   Check if swap backing store is full
#   Use 64 bit Java on a 64 bit OS
#   Decrease Java heap size (-Xmx/-Xms)
#   Decrease number of Java threads
#   Decrease Java thread stack sizes (-Xss)
#   Set larger code cache with -XX:ReservedCodeCacheSize=
# This output file may be truncated or incomplete.
#
#  Out of Memory Error (os_linux.cpp:2726), pid=5972, tid=140374521038592
#
# JRE version: Java(TM) SE Runtime Environment (7.0_51-b13) (build 1.7.0_51-b13)
# Java VM: Java HotSpot(TM) 64-Bit Server VM (24.51-b03 mixed mode linux-amd64 compressed oops)
# Failed to write core dump. Core dumps have been disabled. To enable core dumping, try "ulimit -c unlimited" before starting Java again
#

---------------  T H R E A D  ---------------

Current thread (0x00007fab8806a800):  VMThread [stack: 0x00007fab7d664000,0x00007fab7d765000] [id=5983]

Stack: [0x00007fab7d664000,0x00007fab7d765000],  sp=0x00007fab7d763320,  free space=1020k
Native frames: (J=compiled Java code, j=interpreted, Vv=VM code, C=native code)
V  [libjvm.so+0x992f4a]  VMError::report_and_die()+0x2ea
V  [libjvm.so+0x4931ab]  report_vm_out_of_memory(char const*, int, unsigned long, char const*)+0x9b
V  [libjvm.so+0x81338e]  os::Linux::commit_memory_impl(char*, unsigned long, bool)+0xfe
V  [libjvm.so+0x81383f]  os::Linux::commit_memory_impl(char*, unsigned long, unsigned long, bool)+0x4f
V  [libjvm.so+0x813a2c]  os::pd_commit_memory(char*, unsigned long, unsigned long, bool)+0xc
V  [libjvm.so+0x80daea]  os::commit_memory(char*, unsigned long, unsigned long, bool)+0x2a
V  [libjvm.so+0x87fcd3]  PSVirtualSpace::expand_by(unsigned long)+0x53
V  [libjvm.so+0x8810a8]  PSYoungGen::resize_generation(unsigned long, unsigned long)+0xf8
V  [libjvm.so+0x880212]  PSYoungGen::resize(unsigned long, unsigned long)+0x22
V  [libjvm.so+0x87d6ab]  PSScavenge::invoke_no_policy()+0xf3b
V  [libjvm.so+0x87de11]  PSScavenge::invoke()+0x41
V  [libjvm.so+0x834f10]  ParallelScavengeHeap::failed_mem_allocate(unsigned long)+0x70
V  [libjvm.so+0x9947e7]  VM_ParallelGCFailedAllocation::doit()+0x97
V  [libjvm.so+0x99bc15]  VM_Operation::evaluate()+0x55
V  [libjvm.so+0x99a04a]  VMThread::evaluate_operation(VM_Operation*)+0xba
V  [libjvm.so+0x99a3ce]  VMThread::loop()+0x1ce
V  [libjvm.so+0x99a840]  VMThread::run()+0x70
V  [libjvm.so+0x815538]  java_start(Thread*)+0x108

VM_Operation (0x00007fab7c1da660): ParallelGCFailedAllocation, mode: safepoint, requested by thread 0x00007fab40001800


---------------  P R O C E S S  ---------------

Java Threads: ( => current thread )
  0x00007fab40001800 JavaThread "nREPL-worker-1" daemon [_thread_blocked, id=6048, stack(0x00007fab7c0f0000,0x00007fab7c1f1000)]
  0x00007fab30009000 JavaThread "clojure-agent-send-off-pool-8" [_thread_blocked, id=6047, stack(0x00007fab7c1fb000,0x00007fab7c2fc000)]
  0x00007fab38003000 JavaThread "clojure-agent-send-off-pool-4" [_thread_in_native, id=5996, stack(0x00007fab3fcfd000,0x00007fab3fdfe000)]
  0x00007fab38001000 JavaThread "clojure-agent-send-off-pool-3" [_thread_blocked, id=5995, stack(0x00007fab3fdfe000,0x00007fab3feff000)]
  0x00007fab88d5b000 JavaThread "clojure-agent-send-off-pool-2" [_thread_in_native, id=5994, stack(0x00007fab3feff000,0x00007fab40000000)]
  0x00007fab8809a800 JavaThread "Service Thread" daemon [_thread_blocked, id=5990, stack(0x00007fab7c87a000,0x00007fab7c97b000)]
  0x00007fab88098000 JavaThread "C1 CompilerThread2" daemon [_thread_blocked, id=5989, stack(0x00007fab7c97b000,0x00007fab7ca7c000)]
  0x00007fab88096000 JavaThread "C2 CompilerThread1" daemon [_thread_blocked, id=5988, stack(0x00007fab7ca7c000,0x00007fab7cb7d000)]
  0x00007fab88093000 JavaThread "C2 CompilerThread0" daemon [_thread_blocked, id=5987, stack(0x00007fab7cb7d000,0x00007fab7cc7e000)]
  0x00007fab88089000 JavaThread "Signal Dispatcher" daemon [_thread_blocked, id=5986, stack(0x00007fab7cc7e000,0x00007fab7cd7f000)]
  0x00007fab88071000 JavaThread "Finalizer" daemon [_thread_blocked, id=5985, stack(0x00007fab7d462000,0x00007fab7d563000)]
  0x00007fab8806d000 JavaThread "Reference Handler" daemon [_thread_blocked, id=5984, stack(0x00007fab7d563000,0x00007fab7d664000)]
  0x00007fab8800b000 JavaThread "main" [_thread_blocked, id=5973, stack(0x00007fab8f475000,0x00007fab8f576000)]

Other Threads:
=>0x00007fab8806a800 VMThread [stack: 0x00007fab7d664000,0x00007fab7d765000] [id=5983]
  0x00007fab880a5800 WatcherThread [stack: 0x00007fab7c779000,0x00007fab7c87a000] [id=5991]

VM state:at safepoint (normal execution)

VM Mutex/Monitor currently owned by a thread:  ([mutex/lock_event])
[0x00007fab88007550] Threads_lock - owner thread: 0x00007fab8806a800
[0x00007fab88007a50] Heap_lock - owner thread: 0x00007fab40001800

Heap
 PSYoungGen      total 313856K, used 5312K [0x00000000e1700000, 0x00000000f5000000, 0x0000000100000000)
  eden space 307200K, 0% used [0x00000000e1700000,0x00000000e1700000,0x00000000f4300000)
  from space 6656K, 79% used [0x00000000f4300000,0x00000000f4830220,0x00000000f4980000)
  to   space 6656K, 0% used [0x00000000f4980000,0x00000000f4980000,0x00000000f5000000)
 ParOldGen       total 62464K, used 14644K [0x00000000a4600000, 0x00000000a8300000, 0x00000000e1700000)
  object space 62464K, 23% used [0x00000000a4600000,0x00000000a544d110,0x00000000a8300000)
 PSPermGen       total 21504K, used 19691K [0x000000009f400000, 0x00000000a0900000, 0x00000000a4600000)
  object space 21504K, 91% used [0x000000009f400000,0x00000000a073af88,0x00000000a0900000)

Card table byte_map: [0x00007fab8c2ec000,0x00007fab8c5f3000] byte_map_base: 0x00007fab8bdf2000

Polling page: 0x00007fab8f594000

Code Cache  [0x00007fab82000000, 0x00007fab82500000, 0x00007fab88000000)
 total_blobs=2358 nmethods=2066 adapters=226 free_code_cache=93228Kb largest_free_block=95463040

Compilation events (10 events):
Event: 107,458 Thread 0x00007fab88098000 2078       1       clojure.asm.commons.GeneratorAdapter::getField (11 bytes)
Event: 107,460 Thread 0x00007fab88098000 nmethod 2078 0x00007fab824f3b10 code [0x00007fab824f3cc0, 0x00007fab824f4238]
Event: 107,460 Thread 0x00007fab88098000 2079       1       clojure.lang.Compiler$CaseExpr::isShiftMasked (13 bytes)
Event: 107,460 Thread 0x00007fab88098000 nmethod 2079 0x00007fab824f4690 code [0x00007fab824f47e0, 0x00007fab824f4930]
Event: 107,500 Thread 0x00007fab88098000 2080       1       java.util.HashMap::transfer (115 bytes)
Event: 107,501 Thread 0x00007fab88098000 nmethod 2080 0x00007fab824f4990 code [0x00007fab824f4b00, 0x00007fab824f4e28]
Event: 107,556 Thread 0x00007fab88098000 2081       1       clojure.asm.ClassWriter::newLong (67 bytes)
Event: 107,556 Thread 0x00007fab88098000 nmethod 2081 0x00007fab824f5090 code [0x00007fab824f5220, 0x00007fab824f54c8]
Event: 107,556 Thread 0x00007fab88098000 2082       1       clojure.asm.Item::set (25 bytes)
Event: 107,557 Thread 0x00007fab88098000 nmethod 2082 0x00007fab824f5690 code [0x00007fab824f57e0, 0x00007fab824f5930]

GC Heap History (10 events):
Event: 4,853 GC heap after
Heap after GC invocations=6 (full 0):
 PSYoungGen      total 101376K, used 4686K [0x00000000e1700000, 0x00000000e7f00000, 0x0000000100000000)
  eden space 96256K, 0% used [0x00000000e1700000,0x00000000e1700000,0x00000000e7500000)
  from space 5120K, 91% used [0x00000000e7a00000,0x00000000e7e93b20,0x00000000e7f00000)
  to   space 5120K, 0% used [0x00000000e7500000,0x00000000e7500000,0x00000000e7a00000)
 ParOldGen       total 62464K, used 2106K [0x00000000a4600000, 0x00000000a8300000, 0x00000000e1700000)
  object space 62464K, 3% used [0x00000000a4600000,0x00000000a480e998,0x00000000a8300000)
 PSPermGen       total 21504K, used 13870K [0x000000009f400000, 0x00000000a0900000, 0x00000000a4600000)
  object space 21504K, 64% used [0x000000009f400000,0x00000000a018b9e0,0x00000000a0900000)
}
Event: 5,153 GC heap before
{Heap before GC invocations=7 (full 0):
 PSYoungGen      total 101376K, used 100942K [0x00000000e1700000, 0x00000000e7f00000, 0x0000000100000000)
  eden space 96256K, 100% used [0x00000000e1700000,0x00000000e7500000,0x00000000e7500000)
  from space 5120K, 91% used [0x00000000e7a00000,0x00000000e7e93b20,0x00000000e7f00000)
  to   space 5120K, 0% used [0x00000000e7500000,0x00000000e7500000,0x00000000e7a00000)
 ParOldGen       total 62464K, used 2106K [0x00000000a4600000, 0x00000000a8300000, 0x00000000e1700000)
  object space 62464K, 3% used [0x00000000a4600000,0x00000000a480e998,0x00000000a8300000)
 PSPermGen       total 21504K, used 14466K [0x000000009f400000, 0x00000000a0900000, 0x00000000a4600000)
  object space 21504K, 67% used [0x000000009f400000,0x00000000a0220920,0x00000000a0900000)
Event: 5,176 GC heap after
Heap after GC invocations=7 (full 0):
 PSYoungGen      total 101376K, used 3584K [0x00000000e1700000, 0x00000000edd00000, 0x0000000100000000)
  eden space 96256K, 0% used [0x00000000e1700000,0x00000000e1700000,0x00000000e7500000)
  from space 5120K, 70% used [0x00000000e7500000,0x00000000e7880000,0x00000000e7a00000)
  to   space 5120K, 0% used [0x00000000ed800000,0x00000000ed800000,0x00000000edd00000)
 ParOldGen       total 62464K, used 4363K [0x00000000a4600000, 0x00000000a8300000, 0x00000000e1700000)
  object space 62464K, 6% used [0x00000000a4600000,0x00000000a4a42cb0,0x00000000a8300000)
 PSPermGen       total 21504K, used 14466K [0x000000009f400000, 0x00000000a0900000, 0x00000000a4600000)
  object space 21504K, 67% used [0x000000009f400000,0x00000000a0220920,0x00000000a0900000)
}
Event: 5,446 GC heap before
{Heap before GC invocations=8 (full 0):
 PSYoungGen      total 101376K, used 99840K [0x00000000e1700000, 0x00000000edd00000, 0x0000000100000000)
  eden space 96256K, 100% used [0x00000000e1700000,0x00000000e7500000,0x00000000e7500000)
  from space 5120K, 70% used [0x00000000e7500000,0x00000000e7880000,0x00000000e7a00000)
  to   space 5120K, 0% used [0x00000000ed800000,0x00000000ed800000,0x00000000edd00000)
 ParOldGen       total 62464K, used 4363K [0x00000000a4600000, 0x00000000a8300000, 0x00000000e1700000)
  object space 62464K, 6% used [0x00000000a4600000,0x00000000a4a42cb0,0x00000000a8300000)
 PSPermGen       total 21504K, used 15161K [0x000000009f400000, 0x00000000a0900000, 0x00000000a4600000)
  object space 21504K, 70% used [0x000000009f400000,0x00000000a02ce5b0,0x00000000a0900000)
Event: 5,475 GC heap after
Heap after GC invocations=8 (full 0):
 PSYoungGen      total 197120K, used 4879K [0x00000000e1700000, 0x00000000ede00000, 0x0000000100000000)
  eden space 192000K, 0% used [0x00000000e1700000,0x00000000e1700000,0x00000000ed280000)
  from space 5120K, 95% used [0x00000000ed800000,0x00000000edcc3d40,0x00000000edd00000)
  to   space 5632K, 0% used [0x00000000ed280000,0x00000000ed280000,0x00000000ed800000)
 ParOldGen       total 62464K, used 5097K [0x00000000a4600000, 0x00000000a8300000, 0x00000000e1700000)
  object space 62464K, 8% used [0x00000000a4600000,0x00000000a4afa458,0x00000000a8300000)
 PSPermGen       total 21504K, used 15161K [0x000000009f400000, 0x00000000a0900000, 0x00000000a4600000)
  object space 21504K, 70% used [0x000000009f400000,0x00000000a02ce5b0,0x00000000a0900000)
}
Event: 5,941 GC heap before
{Heap before GC invocations=9 (full 0):
 PSYoungGen      total 197120K, used 196879K [0x00000000e1700000, 0x00000000ede00000, 0x0000000100000000)
  eden space 192000K, 100% used [0x00000000e1700000,0x00000000ed280000,0x00000000ed280000)
  from space 5120K, 95% used [0x00000000ed800000,0x00000000edcc3d40,0x00000000edd00000)
  to   space 5632K, 0% used [0x00000000ed280000,0x00000000ed280000,0x00000000ed800000)
 ParOldGen       total 62464K, used 5097K [0x00000000a4600000, 0x00000000a8300000, 0x00000000e1700000)
  object space 62464K, 8% used [0x00000000a4600000,0x00000000a4afa458,0x00000000a8300000)
 PSPermGen       total 21504K, used 15996K [0x000000009f400000, 0x00000000a0900000, 0x00000000a4600000)
  object space 21504K, 74% used [0x000000009f400000,0x00000000a039f1b8,0x00000000a0900000)
Event: 5,967 GC heap after
Heap after GC invocations=9 (full 0):
 PSYoungGen      total 197632K, used 5600K [0x00000000e1700000, 0x00000000f5000000, 0x0000000100000000)
  eden space 192000K, 0% used [0x00000000e1700000,0x00000000e1700000,0x00000000ed280000)
  from space 5632K, 99% used [0x00000000ed280000,0x00000000ed7f8020,0x00000000ed800000)
  to   space 6656K, 0% used [0x00000000f4980000,0x00000000f4980000,0x00000000f5000000)
 ParOldGen       total 62464K, used 6940K [0x00000000a4600000, 0x00000000a8300000, 0x00000000e1700000)
  object space 62464K, 11% used [0x00000000a4600000,0x00000000a4cc70d0,0x00000000a8300000)
 PSPermGen       total 21504K, used 15996K [0x000000009f400000, 0x00000000a0900000, 0x00000000a4600000)
  object space 21504K, 74% used [0x000000009f400000,0x00000000a039f1b8,0x00000000a0900000)
}
Event: 6,360 GC heap before
{Heap before GC invocations=10 (full 0):
 PSYoungGen      total 197632K, used 197600K [0x00000000e1700000, 0x00000000f5000000, 0x0000000100000000)
  eden space 192000K, 100% used [0x00000000e1700000,0x00000000ed280000,0x00000000ed280000)
  from space 5632K, 99% used [0x00000000ed280000,0x00000000ed7f8020,0x00000000ed800000)
  to   space 6656K, 0% used [0x00000000f4980000,0x00000000f4980000,0x00000000f5000000)
 ParOldGen       total 62464K, used 6940K [0x00000000a4600000, 0x00000000a8300000, 0x00000000e1700000)
  object space 62464K, 11% used [0x00000000a4600000,0x00000000a4cc70d0,0x00000000a8300000)
 PSPermGen       total 21504K, used 16008K [0x000000009f400000, 0x00000000a0900000, 0x00000000a4600000)
  object space 21504K, 74% used [0x000000009f400000,0x00000000a03a2358,0x00000000a0900000)
Event: 6,391 GC heap after
Heap after GC invocations=10 (full 0):
 PSYoungGen      total 313856K, used 4704K [0x00000000e1700000, 0x00000000f5000000, 0x0000000100000000)
  eden space 307200K, 0% used [0x00000000e1700000,0x00000000e1700000,0x00000000f4300000)
  from space 6656K, 70% used [0x00000000f4980000,0x00000000f4e18000,0x00000000f5000000)
  to   space 6656K, 0% used [0x00000000f4300000,0x00000000f4300000,0x00000000f4980000)
 ParOldGen       total 62464K, used 9980K [0x00000000a4600000, 0x00000000a8300000, 0x00000000e1700000)
  object space 62464K, 15% used [0x00000000a4600000,0x00000000a4fbf110,0x00000000a8300000)
 PSPermGen       total 21504K, used 16008K [0x000000009f400000, 0x00000000a0900000, 0x00000000a4600000)
  object space 21504K, 74% used [0x000000009f400000,0x00000000a03a2358,0x00000000a0900000)
}
Event: 107,638 GC heap before
{Heap before GC invocations=11 (full 0):
 PSYoungGen      total 313856K, used 311904K [0x00000000e1700000, 0x00000000f5000000, 0x0000000100000000)
  eden space 307200K, 100% used [0x00000000e1700000,0x00000000f4300000,0x00000000f4300000)
  from space 6656K, 70% used [0x00000000f4980000,0x00000000f4e18000,0x00000000f5000000)
  to   space 6656K, 0% used [0x00000000f4300000,0x00000000f4300000,0x00000000f4980000)
 ParOldGen       total 62464K, used 9980K [0x00000000a4600000, 0x00000000a8300000, 0x00000000e1700000)
  object space 62464K, 15% used [0x00000000a4600000,0x00000000a4fbf110,0x00000000a8300000)
 PSPermGen       total 21504K, used 19691K [0x000000009f400000, 0x00000000a0900000, 0x00000000a4600000)
  object space 21504K, 91% used [0x000000009f400000,0x00000000a073af88,0x00000000a0900000)

Deoptimization events (0 events):
No events

Internal exceptions (10 events):
Event: 107,636 Thread 0x00007fab40001800 Threw 0x00000000f42f3e70 at /HUDSON/workspace/7u-2-build-linux-amd64@2/jdk7u51/527/hotspot/src/share/vm/prims/jvm.cpp:1244
Event: 107,636 Thread 0x00007fab40001800 Threw 0x00000000f42f4b10 at /HUDSON/workspace/7u-2-build-linux-amd64@2/jdk7u51/527/hotspot/src/share/vm/prims/jvm.cpp:1244
Event: 107,636 Thread 0x00007fab40001800 Threw 0x00000000f42f57b0 at /HUDSON/workspace/7u-2-build-linux-amd64@2/jdk7u51/527/hotspot/src/share/vm/prims/jvm.cpp:1244
Event: 107,636 Thread 0x00007fab40001800 Threw 0x00000000f42f6450 at /HUDSON/workspace/7u-2-build-linux-amd64@2/jdk7u51/527/hotspot/src/share/vm/prims/jvm.cpp:1244
Event: 107,636 Thread 0x00007fab40001800 Threw 0x00000000f42f70f0 at /HUDSON/workspace/7u-2-build-linux-amd64@2/jdk7u51/527/hotspot/src/share/vm/prims/jvm.cpp:1244
Event: 107,636 Thread 0x00007fab40001800 Threw 0x00000000f42f7d90 at /HUDSON/workspace/7u-2-build-linux-amd64@2/jdk7u51/527/hotspot/src/share/vm/prims/jvm.cpp:1244
Event: 107,637 Thread 0x00007fab40001800 Threw 0x00000000f42f8e30 at /HUDSON/workspace/7u-2-build-linux-amd64@2/jdk7u51/527/hotspot/src/share/vm/prims/jvm.cpp:1244
Event: 107,637 Thread 0x00007fab40001800 Threw 0x00000000f42fcf48 at /HUDSON/workspace/7u-2-build-linux-amd64@2/jdk7u51/527/hotspot/src/share/vm/prims/jvm.cpp:1244
Event: 107,637 Thread 0x00007fab40001800 Threw 0x00000000f42fdde8 at /HUDSON/workspace/7u-2-build-linux-amd64@2/jdk7u51/527/hotspot/src/share/vm/prims/jvm.cpp:1244
Event: 107,637 Thread 0x00007fab40001800 Threw 0x00000000f42fec88 at /HUDSON/workspace/7u-2-build-linux-amd64@2/jdk7u51/527/hotspot/src/share/vm/prims/jvm.cpp:1244

Events (10 events):
Event: 107,628 loading class 0x00007fab8f3e4e90 done
Event: 107,631 loading class 0x00007fab8f3e4e90
Event: 107,631 loading class 0x00007fab8f3e4e90 done
Event: 107,633 loading class 0x00007fab8f3e4e90
Event: 107,633 loading class 0x00007fab8f3e4e90 done
Event: 107,635 loading class 0x00007fab8f3e4e90
Event: 107,635 loading class 0x00007fab8f3e4e90 done
Event: 107,637 loading class 0x00007fab8f3e4e90
Event: 107,637 loading class 0x00007fab8f3e4e90 done
Event: 107,637 Executing VM operation: ParallelGCFailedAllocation


Dynamic libraries:
00400000-00401000 r-xp 00000000 08:11 314117                             /usr/lib/jvm/java-7-oracle/jre/bin/java
00600000-00601000 rw-p 00000000 08:11 314117                             /usr/lib/jvm/java-7-oracle/jre/bin/java
02280000-022a1000 rw-p 00000000 00:00 0                                  [heap]
9f400000-a0900000 rw-p 00000000 00:00 0 
a0900000-a4600000 rw-p 00000000 00:00 0 
a4600000-a8300000 rw-p 00000000 00:00 0 
a8300000-e1700000 rw-p 00000000 00:00 0 
e1700000-f5000000 rw-p 00000000 00:00 0 
7fab20000000-7fab20021000 rw-p 00000000 00:00 0 
7fab20021000-7fab24000000 ---p 00000000 00:00 0 
7fab24000000-7fab24263000 rw-p 00000000 00:00 0 
7fab24263000-7fab28000000 ---p 00000000 00:00 0 
7fab28000000-7fab28021000 rw-p 00000000 00:00 0 
7fab28021000-7fab2c000000 ---p 00000000 00:00 0 
7fab2c000000-7fab2c021000 rw-p 00000000 00:00 0 
7fab2c021000-7fab30000000 ---p 00000000 00:00 0 
7fab30000000-7fab30021000 rw-p 00000000 00:00 0 
7fab30021000-7fab34000000 ---p 00000000 00:00 0 
7fab34000000-7fab34021000 rw-p 00000000 00:00 0 
7fab34021000-7fab38000000 ---p 00000000 00:00 0 
7fab38000000-7fab38021000 rw-p 00000000 00:00 0 
7fab38021000-7fab3c000000 ---p 00000000 00:00 0 
7fab3f49c000-7fab3f4b1000 r-xp 00000000 08:11 23527                      /lib/x86_64-linux-gnu/libgcc_s.so.1
7fab3f4b1000-7fab3f6b0000 ---p 00015000 08:11 23527                      /lib/x86_64-linux-gnu/libgcc_s.so.1
7fab3f6b0000-7fab3f6b1000 r--p 00014000 08:11 23527                      /lib/x86_64-linux-gnu/libgcc_s.so.1
7fab3f6b1000-7fab3f6b2000 rw-p 00015000 08:11 23527                      /lib/x86_64-linux-gnu/libgcc_s.so.1
7fab3f6b2000-7fab3f6e4000 r-xp 00000000 08:11 313889                     /usr/lib/jvm/java-7-oracle/jre/lib/amd64/libsunec.so
7fab3f6e4000-7fab3f8e3000 ---p 00032000 08:11 313889                     /usr/lib/jvm/java-7-oracle/jre/lib/amd64/libsunec.so
7fab3f8e3000-7fab3f8e9000 rw-p 00031000 08:11 313889                     /usr/lib/jvm/java-7-oracle/jre/lib/amd64/libsunec.so
7fab3f8e9000-7fab3f8f9000 rw-p 00000000 00:00 0 
7fab3f8f9000-7fab3f8fc000 ---p 00000000 00:00 0 
7fab3f8fc000-7fab3f9fa000 rw-p 00000000 00:00 0 
7fab3f9fa000-7fab3f9fd000 ---p 00000000 00:00 0 
7fab3f9fd000-7fab3fafb000 rw-p 00000000 00:00 0 
7fab3fafb000-7fab3fafe000 ---p 00000000 00:00 0 
7fab3fafe000-7fab3fbfc000 rw-p 00000000 00:00 0 
7fab3fbfc000-7fab3fbff000 ---p 00000000 00:00 0 
7fab3fbff000-7fab3fcfd000 rw-p 00000000 00:00 0 
7fab3fcfd000-7fab3fd00000 ---p 00000000 00:00 0 
7fab3fd00000-7fab3fdfe000 rw-p 00000000 00:00 0                          [stack:5996]
7fab3fdfe000-7fab3fe01000 ---p 00000000 00:00 0 
7fab3fe01000-7fab3feff000 rw-p 00000000 00:00 0                          [stack:5995]
7fab3feff000-7fab3ff02000 ---p 00000000 00:00 0 
7fab3ff02000-7fab40000000 rw-p 00000000 00:00 0                          [stack:5994]
7fab40000000-7fab4005f000 rw-p 00000000 00:00 0 
7fab4005f000-7fab44000000 ---p 00000000 00:00 0 
7fab44000000-7fab441e2000 rw-p 00000000 00:00 0 
7fab441e2000-7fab48000000 ---p 00000000 00:00 0 
7fab48000000-7fab48021000 rw-p 00000000 00:00 0 
7fab48021000-7fab4c000000 ---p 00000000 00:00 0 
7fab4c000000-7fab4c021000 rw-p 00000000 00:00 0 
7fab4c021000-7fab50000000 ---p 00000000 00:00 0 
7fab50000000-7fab50021000 rw-p 00000000 00:00 0 
7fab50021000-7fab54000000 ---p 00000000 00:00 0 
7fab54000000-7fab54336000 rw-p 00000000 00:00 0 
7fab54336000-7fab58000000 ---p 00000000 00:00 0 
7fab58000000-7fab58021000 rw-p 00000000 00:00 0 
7fab58021000-7fab5c000000 ---p 00000000 00:00 0 
7fab5c000000-7fab5c021000 rw-p 00000000 00:00 0 
7fab5c021000-7fab60000000 ---p 00000000 00:00 0 
7fab60000000-7fab60021000 rw-p 00000000 00:00 0 
7fab60021000-7fab64000000 ---p 00000000 00:00 0 
7fab64000000-7fab64021000 rw-p 00000000 00:00 0 
7fab64021000-7fab68000000 ---p 00000000 00:00 0 
7fab68000000-7fab68021000 rw-p 00000000 00:00 0 
7fab68021000-7fab6c000000 ---p 00000000 00:00 0 
7fab6c000000-7fab6c24a000 rw-p 00000000 00:00 0 
7fab6c24a000-7fab70000000 ---p 00000000 00:00 0 
7fab70000000-7fab70021000 rw-p 00000000 00:00 0 
7fab70021000-7fab74000000 ---p 00000000 00:00 0 
7fab74000000-7fab74021000 rw-p 00000000 00:00 0 
7fab74021000-7fab78000000 ---p 00000000 00:00 0 
7fab78000000-7fab78021000 rw-p 00000000 00:00 0 
7fab78021000-7fab7c000000 ---p 00000000 00:00 0 
7fab7c0db000-7fab7c0df000 r--s 0002d000 08:11 313980                     /usr/lib/jvm/java-7-oracle/jre/lib/ext/sunjce_provider.jar
7fab7c0df000-7fab7c0e5000 r--s 0007d000 08:11 313807                     /usr/lib/jvm/java-7-oracle/jre/lib/jfr.jar
7fab7c0e5000-7fab7c0f0000 r--s 0037c000 08:11 313941                     /usr/lib/jvm/java-7-oracle/jre/lib/charsets.jar
7fab7c0f0000-7fab7c0f3000 ---p 00000000 00:00 0 
7fab7c0f3000-7fab7c1f2000 rw-p 00000000 00:00 0                          [stack:6048]
7fab7c1f2000-7fab7c1f3000 r--s 00003000 08:11 313979                     /usr/lib/jvm/java-7-oracle/jre/lib/ext/sunec.jar
7fab7c1f3000-7fab7c1f5000 r--s 00019000 08:11 313825                     /usr/lib/jvm/java-7-oracle/jre/lib/jce.jar
7fab7c1f5000-7fab7c1f7000 r--s 00019000 08:11 313825                     /usr/lib/jvm/java-7-oracle/jre/lib/jce.jar
7fab7c1f7000-7fab7c1fb000 r--s 0008a000 08:11 313953                     /usr/lib/jvm/java-7-oracle/jre/lib/jsse.jar
7fab7c1fb000-7fab7c1fe000 ---p 00000000 00:00 0 
7fab7c1fe000-7fab7c2fc000 rw-p 00000000 00:00 0                          [stack:6047]
7fab7c2fc000-7fab7c2fd000 r--s 00001000 08:04 8783235                    /home/leon/.m2/repository/clj-tuple/clj-tuple/0.1.2/clj-tuple-0.1.2.jar
7fab7c2fd000-7fab7c2fe000 r--s 00002000 08:04 8783237                    /home/leon/.m2/repository/riddley/riddley/0.1.6/riddley-0.1.6.jar
7fab7c2fe000-7fab7c2ff000 r--s 00001000 08:04 8783240                    /home/leon/.m2/repository/tigris/tigris/0.1.1/tigris-0.1.1.jar
7fab7c2ff000-7fab7c305000 r--s 00042000 08:04 8783284                    /home/leon/.m2/repository/org/jsoup/jsoup/1.7.2/jsoup-1.7.2.jar
7fab7c305000-7fab7c306000 r--s 00000000 08:04 8782933                    /home/leon/.m2/repository/clojure-complete/clojure-complete/0.2.3/clojure-complete-0.2.3.jar
7fab7c306000-7fab7c308000 r--s 00008000 08:04 8782962                    /home/leon/.m2/repository/org/apache/httpcomponents/httpmime/4.3.2/httpmime-4.3.2.jar
7fab7c308000-7fab7c30a000 r--s 00015000 08:04 8783283                    /home/leon/.m2/repository/org/ccil/cowan/tagsoup/tagsoup/1.2.1/tagsoup-1.2.1.jar
7fab7c30a000-7fab7c320000 r-xp 00000000 08:11 313890                     /usr/lib/jvm/java-7-oracle/jre/lib/amd64/libnet.so
7fab7c320000-7fab7c520000 ---p 00016000 08:11 313890                     /usr/lib/jvm/java-7-oracle/jre/lib/amd64/libnet.so
7fab7c520000-7fab7c521000 rw-p 00016000 08:11 313890                     /usr/lib/jvm/java-7-oracle/jre/lib/amd64/libnet.so
7fab7c521000-7fab7c531000 r-xp 00000000 08:11 313893                     /usr/lib/jvm/java-7-oracle/jre/lib/amd64/libnio.so
7fab7c531000-7fab7c731000 ---p 00010000 08:11 313893                     /usr/lib/jvm/java-7-oracle/jre/lib/amd64/libnio.so
7fab7c731000-7fab7c732000 rw-p 00010000 08:11 313893                     /usr/lib/jvm/java-7-oracle/jre/lib/amd64/libnio.so
7fab7c732000-7fab7c76e000 r--s 00308000 08:04 8782953                    /home/leon/.m2/repository/org/clojure/clojure/1.4.0/clojure-1.4.0.jar
7fab7c76e000-7fab7c770000 r--s 00005000 08:04 8783287                    /home/leon/.m2/repository/enlive/enlive/1.1.5/enlive-1.1.5.jar
7fab7c770000-7fab7c772000 r--s 00008000 08:04 8782931                    /home/leon/.m2/repository/org/clojure/tools.nrepl/0.2.3/tools.nrepl-0.2.3.jar
7fab7c772000-7fab7c779000 r--s 0003a000 08:04 8782961                    /home/leon/.m2/repository/commons-codec/commons-codec/1.9/commons-codec-1.9.jar
7fab7c779000-7fab7c77a000 ---p 00000000 00:00 0 
7fab7c77a000-7fab7c87a000 rw-p 00000000 00:00 0                          [stack:5991]
7fab7c87a000-7fab7c87d000 ---p 00000000 00:00 0 
7fab7c87d000-7fab7c97b000 rw-p 00000000 00:00 0                          [stack:5990]
7fab7c97b000-7fab7c97e000 ---p 00000000 00:00 0 
7fab7c97e000-7fab7ca7c000 rw-p 00000000 00:00 0                          [stack:5989]
7fab7ca7c000-7fab7ca7f000 ---p 00000000 00:00 0 
7fab7ca7f000-7fab7cb7d000 rw-p 00000000 00:00 0                          [stack:5988]
7fab7cb7d000-7fab7cb80000 ---p 00000000 00:00 0 
7fab7cb80000-7fab7cc7e000 rw-p 00000000 00:00 0                          [stack:5987]
7fab7cc7e000-7fab7cc81000 ---p 00000000 00:00 0 
7fab7cc81000-7fab7cd7f000 rw-p 00000000 00:00 0                          [stack:5986]
7fab7cd7f000-7fab7d462000 r--p 00000000 08:11 269829                     /usr/lib/locale/locale-archive
7fab7d462000-7fab7d465000 ---p 00000000 00:00 0 
7fab7d465000-7fab7d563000 rw-p 00000000 00:00 0                          [stack:5985]
7fab7d563000-7fab7d566000 ---p 00000000 00:00 0 
7fab7d566000-7fab7d664000 rw-p 00000000 00:00 0                          [stack:5984]
7fab7d664000-7fab7d665000 ---p 00000000 00:00 0 
7fab7d665000-7fab7e764000 rw-p 00000000 00:00 0                          [stack:5983]
7fab7e764000-7fab7e921000 r--s 039bf000 08:11 313801                     /usr/lib/jvm/java-7-oracle/jre/lib/rt.jar
7fab7e921000-7fab81cfd000 rw-p 00000000 00:00 0 
7fab81cfd000-7fab81cfe000 ---p 00000000 00:00 0 
7fab81cfe000-7fab81dfe000 rw-p 00000000 00:00 0                          [stack:5979]
7fab81dfe000-7fab81dff000 ---p 00000000 00:00 0 
7fab81dff000-7fab81eff000 rw-p 00000000 00:00 0                          [stack:5978]
7fab81eff000-7fab81f00000 ---p 00000000 00:00 0 
7fab81f00000-7fab82000000 rw-p 00000000 00:00 0                          [stack:5977]
7fab82000000-7fab82500000 rwxp 00000000 00:00 0 
7fab82500000-7fab89046000 rw-p 00000000 00:00 0 
7fab89046000-7fab8c000000 ---p 00000000 00:00 0 
7fab8c000000-7fab8c002000 r--s 0000e000 08:04 8782954                    /home/leon/.m2/repository/commons-logging/commons-logging/1.1.3/commons-logging-1.1.3.jar
7fab8c002000-7fab8c003000 ---p 00000000 00:00 0 
7fab8c003000-7fab8c122000 rw-p 00000000 00:00 0                          [stack:5976]
7fab8c122000-7fab8c2ec000 rw-p 00000000 00:00 0 
7fab8c2ec000-7fab8c2f7000 rw-p 00000000 00:00 0 
7fab8c2f7000-7fab8c315000 rw-p 00000000 00:00 0 
7fab8c315000-7fab8c334000 rw-p 00000000 00:00 0 
7fab8c334000-7fab8c4fd000 rw-p 00000000 00:00 0 
7fab8c4fd000-7fab8c59a000 rw-p 00000000 00:00 0 
7fab8c59a000-7fab8c5f2000 rw-p 00000000 00:00 0 
7fab8c5f2000-7fab8c607000 rw-p 00000000 00:00 0 
7fab8c607000-7fab8c773000 rw-p 00000000 00:00 0 
7fab8c773000-7fab8c78d000 r-xp 00000000 08:11 313924                     /usr/lib/jvm/java-7-oracle/jre/lib/amd64/libzip.so
7fab8c78d000-7fab8c98d000 ---p 0001a000 08:11 313924                     /usr/lib/jvm/java-7-oracle/jre/lib/amd64/libzip.so
7fab8c98d000-7fab8c98e000 rw-p 0001a000 08:11 313924                     /usr/lib/jvm/java-7-oracle/jre/lib/amd64/libzip.so
7fab8c98e000-7fab8c99a000 r-xp 00000000 08:11 5017                       /lib/x86_64-linux-gnu/libnss_files-2.17.so
7fab8c99a000-7fab8cb99000 ---p 0000c000 08:11 5017                       /lib/x86_64-linux-gnu/libnss_files-2.17.so
7fab8cb99000-7fab8cb9a000 r--p 0000b000 08:11 5017                       /lib/x86_64-linux-gnu/libnss_files-2.17.so
7fab8cb9a000-7fab8cb9b000 rw-p 0000c000 08:11 5017                       /lib/x86_64-linux-gnu/libnss_files-2.17.so
7fab8cb9b000-7fab8cba6000 r-xp 00000000 08:11 5021                       /lib/x86_64-linux-gnu/libnss_nis-2.17.so
7fab8cba6000-7fab8cda5000 ---p 0000b000 08:11 5021                       /lib/x86_64-linux-gnu/libnss_nis-2.17.so
7fab8cda5000-7fab8cda6000 r--p 0000a000 08:11 5021                       /lib/x86_64-linux-gnu/libnss_nis-2.17.so
7fab8cda6000-7fab8cda7000 rw-p 0000b000 08:11 5021                       /lib/x86_64-linux-gnu/libnss_nis-2.17.so
7fab8cda7000-7fab8cdbe000 r-xp 00000000 08:11 5011                       /lib/x86_64-linux-gnu/libnsl-2.17.so
7fab8cdbe000-7fab8cfbd000 ---p 00017000 08:11 5011                       /lib/x86_64-linux-gnu/libnsl-2.17.so
7fab8cfbd000-7fab8cfbe000 r--p 00016000 08:11 5011                       /lib/x86_64-linux-gnu/libnsl-2.17.so
7fab8cfbe000-7fab8cfbf000 rw-p 00017000 08:11 5011                       /lib/x86_64-linux-gnu/libnsl-2.17.so
7fab8cfbf000-7fab8cfc1000 rw-p 00000000 00:00 0 
7fab8cfc1000-7fab8cfc9000 r-xp 00000000 08:11 5013                       /lib/x86_64-linux-gnu/libnss_compat-2.17.so
7fab8cfc9000-7fab8d1c8000 ---p 00008000 08:11 5013                       /lib/x86_64-linux-gnu/libnss_compat-2.17.so
7fab8d1c8000-7fab8d1c9000 r--p 00007000 08:11 5013                       /lib/x86_64-linux-gnu/libnss_compat-2.17.so
7fab8d1c9000-7fab8d1ca000 rw-p 00008000 08:11 5013                       /lib/x86_64-linux-gnu/libnss_compat-2.17.so
7fab8d1ca000-7fab8d1f3000 r-xp 00000000 08:11 313931                     /usr/lib/jvm/java-7-oracle/jre/lib/amd64/libjava.so
7fab8d1f3000-7fab8d3f3000 ---p 00029000 08:11 313931                     /usr/lib/jvm/java-7-oracle/jre/lib/amd64/libjava.so
7fab8d3f3000-7fab8d3f5000 rw-p 00029000 08:11 313931                     /usr/lib/jvm/java-7-oracle/jre/lib/amd64/libjava.so
7fab8d3f5000-7fab8d402000 r-xp 00000000 08:11 313927                     /usr/lib/jvm/java-7-oracle/jre/lib/amd64/libverify.so
7fab8d402000-7fab8d601000 ---p 0000d000 08:11 313927                     /usr/lib/jvm/java-7-oracle/jre/lib/amd64/libverify.so
7fab8d601000-7fab8d603000 rw-p 0000c000 08:11 313927                     /usr/lib/jvm/java-7-oracle/jre/lib/amd64/libverify.so
7fab8d603000-7fab8d60a000 r-xp 00000000 08:11 5064                       /lib/x86_64-linux-gnu/librt-2.17.so
7fab8d60a000-7fab8d809000 ---p 00007000 08:11 5064                       /lib/x86_64-linux-gnu/librt-2.17.so
7fab8d809000-7fab8d80a000 r--p 00006000 08:11 5064                       /lib/x86_64-linux-gnu/librt-2.17.so
7fab8d80a000-7fab8d80b000 rw-p 00007000 08:11 5064                       /lib/x86_64-linux-gnu/librt-2.17.so
7fab8d80b000-7fab8d90e000 r-xp 00000000 08:11 4992                       /lib/x86_64-linux-gnu/libm-2.17.so
7fab8d90e000-7fab8db0d000 ---p 00103000 08:11 4992                       /lib/x86_64-linux-gnu/libm-2.17.so
7fab8db0d000-7fab8db0e000 r--p 00102000 08:11 4992                       /lib/x86_64-linux-gnu/libm-2.17.so
7fab8db0e000-7fab8db0f000 rw-p 00103000 08:11 4992                       /lib/x86_64-linux-gnu/libm-2.17.so
7fab8db0f000-7fab8e671000 r-xp 00000000 08:11 313888                     /usr/lib/jvm/java-7-oracle/jre/lib/amd64/server/libjvm.so
7fab8e671000-7fab8e871000 ---p 00b62000 08:11 313888                     /usr/lib/jvm/java-7-oracle/jre/lib/amd64/server/libjvm.so
7fab8e871000-7fab8e934000 rw-p 00b62000 08:11 313888                     /usr/lib/jvm/java-7-oracle/jre/lib/amd64/server/libjvm.so
7fab8e934000-7fab8e975000 rw-p 00000000 00:00 0 
7fab8e975000-7fab8eb32000 r-xp 00000000 08:11 4941                       /lib/x86_64-linux-gnu/libc-2.17.so
7fab8eb32000-7fab8ed32000 ---p 001bd000 08:11 4941                       /lib/x86_64-linux-gnu/libc-2.17.so
7fab8ed32000-7fab8ed36000 r--p 001bd000 08:11 4941                       /lib/x86_64-linux-gnu/libc-2.17.so
7fab8ed36000-7fab8ed38000 rw-p 001c1000 08:11 4941                       /lib/x86_64-linux-gnu/libc-2.17.so
7fab8ed38000-7fab8ed3d000 rw-p 00000000 00:00 0 
7fab8ed3d000-7fab8ed40000 r-xp 00000000 08:11 4956                       /lib/x86_64-linux-gnu/libdl-2.17.so
7fab8ed40000-7fab8ef3f000 ---p 00003000 08:11 4956                       /lib/x86_64-linux-gnu/libdl-2.17.so
7fab8ef3f000-7fab8ef40000 r--p 00002000 08:11 4956                       /lib/x86_64-linux-gnu/libdl-2.17.so
7fab8ef40000-7fab8ef41000 rw-p 00003000 08:11 4956                       /lib/x86_64-linux-gnu/libdl-2.17.so
7fab8ef41000-7fab8ef57000 r-xp 00000000 08:11 313905                     /usr/lib/jvm/java-7-oracle/jre/lib/amd64/jli/libjli.so
7fab8ef57000-7fab8f157000 ---p 00016000 08:11 313905                     /usr/lib/jvm/java-7-oracle/jre/lib/amd64/jli/libjli.so
7fab8f157000-7fab8f158000 rw-p 00016000 08:11 313905                     /usr/lib/jvm/java-7-oracle/jre/lib/amd64/jli/libjli.so
7fab8f158000-7fab8f16f000 r-xp 00000000 08:11 5056                       /lib/x86_64-linux-gnu/libpthread-2.17.so
7fab8f16f000-7fab8f36f000 ---p 00017000 08:11 5056                       /lib/x86_64-linux-gnu/libpthread-2.17.so
7fab8f36f000-7fab8f370000 r--p 00017000 08:11 5056                       /lib/x86_64-linux-gnu/libpthread-2.17.so
7fab8f370000-7fab8f371000 rw-p 00018000 08:11 5056                       /lib/x86_64-linux-gnu/libpthread-2.17.so
7fab8f371000-7fab8f375000 rw-p 00000000 00:00 0 
7fab8f375000-7fab8f398000 r-xp 00000000 08:11 4917                       /lib/x86_64-linux-gnu/ld-2.17.so
7fab8f398000-7fab8f399000 r--s 00000000 08:04 8783243                    /home/leon/.m2/repository/crouton/crouton/0.1.1/crouton-0.1.1.jar
7fab8f399000-7fab8f39a000 r--s 00008000 08:04 8783245                    /home/leon/.m2/repository/clj-http/clj-http/0.9.1/clj-http-0.9.1.jar
7fab8f39a000-7fab8f39e000 r--s 0002d000 08:04 8783146                    /home/leon/.m2/repository/com/fasterxml/jackson/core/jackson-core/2.3.1/jackson-core-2.3.1.jar
7fab8f39e000-7fab8f3a0000 r--s 00011000 08:04 8783145                    /home/leon/.m2/repository/com/fasterxml/jackson/dataformat/jackson-dataformat-smile/2.3.1/jackson-dataformat-smile-2.3.1.jar
7fab8f3a0000-7fab8f3a4000 r--s 0002a000 08:04 8782968                    /home/leon/.m2/repository/commons-io/commons-io/2.4/commons-io-2.4.jar
7fab8f3a4000-7fab8f3aa000 r--s 0003f000 08:04 8782943                    /home/leon/.m2/repository/org/apache/httpcomponents/httpcore/4.3.2/httpcore-4.3.2.jar
7fab8f3aa000-7fab8f457000 rw-p 00000000 00:00 0 
7fab8f457000-7fab8f475000 rw-p 00000000 00:00 0 
7fab8f475000-7fab8f478000 ---p 00000000 00:00 0 
7fab8f478000-7fab8f57a000 rw-p 00000000 00:00 0                          [stack:5973]
7fab8f57a000-7fab8f57b000 r--s 00003000 08:04 8783209                    /home/leon/.m2/repository/potemkin/potemkin/0.3.4/potemkin-0.3.4.jar
7fab8f57b000-7fab8f57d000 r--s 00001000 08:04 8783195                    /home/leon/.m2/repository/slingshot/slingshot/0.10.3/slingshot-0.10.3.jar
7fab8f57d000-7fab8f57e000 r--s 00004000 08:04 8783239                    /home/leon/.m2/repository/cheshire/cheshire/5.3.1/cheshire-5.3.1.jar
7fab8f57e000-7fab8f58a000 r--s 00084000 08:04 8782959                    /home/leon/.m2/repository/org/apache/httpcomponents/httpclient/4.3.2/httpclient-4.3.2.jar
7fab8f58a000-7fab8f58b000 r--s 00007000 08:04 8783156                    /home/leon/.m2/repository/org/clojure/tools.reader/0.8.3/tools.reader-0.8.3.jar
7fab8f58b000-7fab8f593000 rw-s 00000000 08:11 681623                     /tmp/hsperfdata_leon/5972
7fab8f593000-7fab8f594000 rw-p 00000000 00:00 0 
7fab8f594000-7fab8f595000 ---p 00000000 00:00 0 
7fab8f595000-7fab8f597000 rw-p 00000000 00:00 0 
7fab8f597000-7fab8f598000 r--p 00022000 08:11 4917                       /lib/x86_64-linux-gnu/ld-2.17.so
7fab8f598000-7fab8f59a000 rw-p 00023000 08:11 4917                       /lib/x86_64-linux-gnu/ld-2.17.so
7fff0fa19000-7fff0fa3b000 rw-p 00000000 00:00 0                          [stack]
7fff0fbfe000-7fff0fc00000 r-xp 00000000 00:00 0                          [vdso]
ffffffffff600000-ffffffffff601000 r-xp 00000000 00:00 0                  [vsyscall]

VM Arguments:
jvm_args: -XX:+TieredCompilation -XX:TieredStopAtLevel=1 -Dclojure.compile.path=/home/leon/Dropbox/SparkleShare/Leon_Box/Projects/Code/Learn/Clojure/clj-hltb/target/classes -Dclj-hltb.version=1.0.0-SNAPSHOT -Dfile.encoding=UTF-8 -Dclojure.debug=false 
java_command: clojure.main -i /tmp/form-init5041021687676391787.clj
Launcher Type: SUN_STANDARD

Environment Variables:
CLASSPATH=:/home/leon/.lein/self-installs/leiningen-2.3.4-standalone.jar
PATH=/usr/lib/lightdm/lightdm:/usr/local/sbin:/usr/local/bin:/usr/sbin:/usr/bin:/sbin:/bin:/usr/games:/home/leon/bin:/usr/local/bin:/home/leon/bin:/home/leon/bin_local:/usr/local/bin:/home/leon/bin:/usr/local/bin:.
SHELL=/bin/zsh
DISPLAY=:0

Signal Handlers:
SIGSEGV: [libjvm.so+0x993870], sa_mask[0]=0x7ffbfeff, sa_flags=0x10000004
SIGBUS: [libjvm.so+0x993870], sa_mask[0]=0x7ffbfeff, sa_flags=0x10000004
SIGFPE: [libjvm.so+0x8105b0], sa_mask[0]=0x7ffbfeff, sa_flags=0x10000004
SIGPIPE: [libjvm.so+0x8105b0], sa_mask[0]=0x7ffbfeff, sa_flags=0x10000004
SIGXFSZ: [libjvm.so+0x8105b0], sa_mask[0]=0x7ffbfeff, sa_flags=0x10000004
SIGILL: [libjvm.so+0x8105b0], sa_mask[0]=0x7ffbfeff, sa_flags=0x10000004
SIGUSR1: SIG_DFL, sa_mask[0]=0x00000000, sa_flags=0x00000000
SIGUSR2: [libjvm.so+0x811aa0], sa_mask[0]=0x00000004, sa_flags=0x10000004
SIGHUP: [libjvm.so+0x812a10], sa_mask[0]=0x7ffbfeff, sa_flags=0x10000004
SIGINT: [libjvm.so+0x812a10], sa_mask[0]=0x7ffbfeff, sa_flags=0x10000004
SIGTERM: [libjvm.so+0x812a10], sa_mask[0]=0x7ffbfeff, sa_flags=0x10000004
SIGQUIT: [libjvm.so+0x812a10], sa_mask[0]=0x7ffbfeff, sa_flags=0x10000004


---------------  S Y S T E M  ---------------

OS:wheezy/sid

uname:Linux 3.11.0-12-generic #19-Ubuntu SMP Wed Oct 9 16:20:46 UTC 2013 x86_64
libc:glibc 2.17 NPTL 2.17 
rlimit: STACK 8515k, CORE 0k, NPROC 46748, NOFILE 4096, AS infinity
load average:1,86 2,36 2,14

/proc/meminfo:
MemTotal:        6004000 kB
MemFree:          124636 kB
Buffers:            7428 kB
Cached:           575148 kB
SwapCached:            0 kB
Active:          4014360 kB
Inactive:         533644 kB
Active(anon):    3968560 kB
Inactive(anon):   505616 kB
Active(file):      45800 kB
Inactive(file):    28028 kB
Unevictable:          36 kB
Mlocked:              36 kB
SwapTotal:             0 kB
SwapFree:              0 kB
Dirty:               372 kB
Writeback:             0 kB
AnonPages:       3966536 kB
Mapped:          1368504 kB
Shmem:            508196 kB
Slab:              95744 kB
SReclaimable:      38260 kB
SUnreclaim:        57484 kB
KernelStack:        6688 kB
PageTables:        54636 kB
NFS_Unstable:          0 kB
Bounce:                0 kB
WritebackTmp:          0 kB
CommitLimit:     3002000 kB
Committed_AS:    9875060 kB
VmallocTotal:   34359738367 kB
VmallocUsed:      361288 kB
VmallocChunk:   34359374108 kB
HardwareCorrupted:     0 kB
AnonHugePages:         0 kB
HugePages_Total:       0
HugePages_Free:        0
HugePages_Rsvd:        0
HugePages_Surp:        0
Hugepagesize:       2048 kB
DirectMap4k:       86656 kB
DirectMap2M:     6096896 kB


CPU:total 4 (2 cores per cpu, 2 threads per core) family 6 model 42 stepping 7, cmov, cx8, fxsr, mmx, sse, sse2, sse3, ssse3, sse4.1, sse4.2, popcnt, avx, aes, ht, tsc, tscinvbit

/proc/cpuinfo:
processor	: 0
vendor_id	: GenuineIntel
cpu family	: 6
model		: 42
model name	: Intel(R) Core(TM) i5-2467M CPU @ 1.60GHz
stepping	: 7
microcode	: 0x26
cpu MHz		: 1600.000
cache size	: 3072 KB
physical id	: 0
siblings	: 4
core id		: 0
cpu cores	: 2
apicid		: 0
initial apicid	: 0
fpu		: yes
fpu_exception	: yes
cpuid level	: 13
wp		: yes
flags		: fpu vme de pse tsc msr pae mce cx8 apic sep mtrr pge mca cmov pat pse36 clflush dts acpi mmx fxsr sse sse2 ss ht tm pbe syscall nx rdtscp lm constant_tsc arch_perfmon pebs bts nopl xtopology nonstop_tsc aperfmperf eagerfpu pni pclmulqdq dtes64 monitor ds_cpl vmx est tm2 ssse3 cx16 xtpr pdcm pcid sse4_1 sse4_2 x2apic popcnt tsc_deadline_timer aes xsave avx lahf_lm ida arat epb xsaveopt pln pts dtherm tpr_shadow vnmi flexpriority ept vpid
bogomips	: 3192.87
clflush size	: 64
cache_alignment	: 64
address sizes	: 36 bits physical, 48 bits virtual
power management:

processor	: 1
vendor_id	: GenuineIntel
cpu family	: 6
model		: 42
model name	: Intel(R) Core(TM) i5-2467M CPU @ 1.60GHz
stepping	: 7
microcode	: 0x26
cpu MHz		: 1600.000
cache size	: 3072 KB
physical id	: 0
siblings	: 4
core id		: 0
cpu cores	: 2
apicid		: 1
initial apicid	: 1
fpu		: yes
fpu_exception	: yes
cpuid level	: 13
wp		: yes
flags		: fpu vme de pse tsc msr pae mce cx8 apic sep mtrr pge mca cmov pat pse36 clflush dts acpi mmx fxsr sse sse2 ss ht tm pbe syscall nx rdtscp lm constant_tsc arch_perfmon pebs bts nopl xtopology nonstop_tsc aperfmperf eagerfpu pni pclmulqdq dtes64 monitor ds_cpl vmx est tm2 ssse3 cx16 xtpr pdcm pcid sse4_1 sse4_2 x2apic popcnt tsc_deadline_timer aes xsave avx lahf_lm ida arat epb xsaveopt pln pts dtherm tpr_shadow vnmi flexpriority ept vpid
bogomips	: 3192.87
clflush size	: 64
cache_alignment	: 64
address sizes	: 36 bits physical, 48 bits virtual
power management:

processor	: 2
vendor_id	: GenuineIntel
cpu family	: 6
model		: 42
model name	: Intel(R) Core(TM) i5-2467M CPU @ 1.60GHz
stepping	: 7
microcode	: 0x26
cpu MHz		: 1600.000
cache size	: 3072 KB
physical id	: 0
siblings	: 4
core id		: 1
cpu cores	: 2
apicid		: 2
initial apicid	: 2
fpu		: yes
fpu_exception	: yes
cpuid level	: 13
wp		: yes
flags		: fpu vme de pse tsc msr pae mce cx8 apic sep mtrr pge mca cmov pat pse36 clflush dts acpi mmx fxsr sse sse2 ss ht tm pbe syscall nx rdtscp lm constant_tsc arch_perfmon pebs bts nopl xtopology nonstop_tsc aperfmperf eagerfpu pni pclmulqdq dtes64 monitor ds_cpl vmx est tm2 ssse3 cx16 xtpr pdcm pcid sse4_1 sse4_2 x2apic popcnt tsc_deadline_timer aes xsave avx lahf_lm ida arat epb xsaveopt pln pts dtherm tpr_shadow vnmi flexpriority ept vpid
bogomips	: 3192.87
clflush size	: 64
cache_alignment	: 64
address sizes	: 36 bits physical, 48 bits virtual
power management:

processor	: 3
vendor_id	: GenuineIntel
cpu family	: 6
model		: 42
model name	: Intel(R) Core(TM) i5-2467M CPU @ 1.60GHz
stepping	: 7
microcode	: 0x26
cpu MHz		: 800.000
cache size	: 3072 KB
physical id	: 0
siblings	: 4
core id		: 1
cpu cores	: 2
apicid		: 3
initial apicid	: 3
fpu		: yes
fpu_exception	: yes
cpuid level	: 13
wp		: yes
flags		: fpu vme de pse tsc msr pae mce cx8 apic sep mtrr pge mca cmov pat pse36 clflush dts acpi mmx fxsr sse sse2 ss ht tm pbe syscall nx rdtscp lm constant_tsc arch_perfmon pebs bts nopl xtopology nonstop_tsc aperfmperf eagerfpu pni pclmulqdq dtes64 monitor ds_cpl vmx est tm2 ssse3 cx16 xtpr pdcm pcid sse4_1 sse4_2 x2apic popcnt tsc_deadline_timer aes xsave avx lahf_lm ida arat epb xsaveopt pln pts dtherm tpr_shadow vnmi flexpriority ept vpid
bogomips	: 3192.87
clflush size	: 64
cache_alignment	: 64
address sizes	: 36 bits physical, 48 bits virtual
power management:



Memory: 4k page, physical 6004000k(124784k free), swap 0k(0k free)

vm_info: Java HotSpot(TM) 64-Bit Server VM (24.51-b03) for linux-amd64 JRE (1.7.0_51-b13), built on Dec 18 2013 18:48:01 by "java_re" with gcc 4.3.0 20080428 (Red Hat 4.3.0-8)

time: Sun Mar 23 23:03:52 2014
elapsed time: 107 seconds

